This is XeTeX, Version 3.141592653-2.6-0.999995 (MiKTeX 23.10) (preloaded format=xelatex 2024.1.10)  11 JAN 2024 15:11
entering extended mode
 restricted \write18 enabled.
 %&-line parsing enabled.
**./main.tex
(main.tex
LaTeX2e <2023-06-01> patch level 1
L3 programming layer <2023-08-29>
(mcmthesis.cls
Document Class: mcmthesis 
(D:\MikTex\tex/latex/xkeyval\xkeyval.sty
Package: xkeyval 2022/06/16 v2.9 package option processing (HA)

(D:\MikTex\tex/generic/xkeyval\xkeyval.tex
(D:\MikTex\tex/generic/xkeyval\xkvutils.tex
\XKV@toks=\toks17
\XKV@tempa@toks=\toks18

(D:\MikTex\tex/generic/xkeyval\keyval.tex))
\XKV@depth=\count181
File: xkeyval.tex 2014/12/03 v2.7a key=value parser (HA)
))
(D:\MikTex\tex/latex/etoolbox\etoolbox.sty
Package: etoolbox 2020/10/05 v2.5k e-TeX tools for LaTeX (JAW)
\etb@tempcnta=\count182
)
(D:\MikTex\tex/latex/base\article.cls
Document Class: article 2023/05/17 v1.4n Standard LaTeX document class
(D:\MikTex\tex/latex/base\size12.clo
File: size12.clo 2023/05/17 v1.4n Standard LaTeX file (size option)
)
\c@part=\count183
\c@section=\count184
\c@subsection=\count185
\c@subsubsection=\count186
\c@paragraph=\count187
\c@subparagraph=\count188
\c@figure=\count189
\c@table=\count190
\abovecaptionskip=\skip48
\belowcaptionskip=\skip49
\bibindent=\dimen140
)
(D:\MikTex\tex/latex/fancyhdr\fancyhdr.sty
Package: fancyhdr 2022/11/09 v4.1 Extensive control of page headers and footers

\f@nch@headwidth=\skip50
\f@nch@O@elh=\skip51
\f@nch@O@erh=\skip52
\f@nch@O@olh=\skip53
\f@nch@O@orh=\skip54
\f@nch@O@elf=\skip55
\f@nch@O@erf=\skip56
\f@nch@O@olf=\skip57
\f@nch@O@orf=\skip58
)
(D:\MikTex\tex/latex/fancybox\fancybox.sty
Package: fancybox 2010/05/15 1.4

Style option: `fancybox' v1.4 <2010/05/15> (tvz)
\@fancybox=\box51
\shadowsize=\dimen141
\@Sbox=\box52
\do@VerbBox=\toks19
\the@fancyput=\toks20
\this@fancyput=\toks21
\EndVerbatimTokens=\toks22
\Verbatim@Outfile=\write3
\Verbatim@Infile=\read2
) (D:\MikTex\tex/latex/base\ifthen.sty
Package: ifthen 2022/04/13 v1.1d Standard LaTeX ifthen package (DPC)
)
(D:\MikTex\tex/latex/lastpage\lastpage.sty
Package: lastpage 2023/10/14 v2.0e lastpage: 2.09 or 2e? (HMM)

(D:\MikTex\tex/latex/lastpage\lastpage2e.sty
Package: lastpage2e 2023/10/14 v2.0e Decide which 2e lastpage version to use (H
MM)

(D:\MikTex\tex/latex/lastpage\lastpagemodern.sty
Package: lastpagemodern 2023-10-14 v2.0e Refers to last page's name (HMM; JPG)
\c@lastpagecount=\count191
) 
)) (D:\MikTex\tex/latex/listings\listings.sty
\lst@mode=\count192
\lst@gtempboxa=\box53
\lst@token=\toks23
\lst@length=\count193
\lst@currlwidth=\dimen142
\lst@column=\count194
\lst@pos=\count195
\lst@lostspace=\dimen143
\lst@width=\dimen144
\lst@newlines=\count196
\lst@lineno=\count197
\lst@maxwidth=\dimen145

(D:\MikTex\tex/latex/listings\lstmisc.sty
File: lstmisc.sty 2023/02/27 1.9 (Carsten Heinz)
\c@lstnumber=\count198
\lst@skipnumbers=\count199
\lst@framebox=\box54
)
(D:\MikTex\tex/latex/listings\listings.cfg
File: listings.cfg 2023/02/27 1.9 listings configuration
))
Package: listings 2023/02/27 1.9 (Carsten Heinz)

(D:\MikTex\tex/latex/appendix\appendix.sty
Package: appendix 2020/02/08 v1.2c extra appendix facilities
\c@@pps=\count266
\c@@ppsavesec=\count267
\c@@ppsaveapp=\count268
)
(D:\MikTex\tex/latex/paralist\paralist.sty
Package: paralist 2017/01/22 v2.7 Extended list environments
\pltopsep=\skip59
\plpartopsep=\skip60
\plitemsep=\skip61
\plparsep=\skip62
\pl@lab=\toks24
)
(D:\MikTex\tex/latex/amsmath\amsmath.sty
Package: amsmath 2023/05/13 v2.17o AMS math features
\@mathmargin=\skip63

For additional information on amsmath, use the `?' option.
(D:\MikTex\tex/latex/amsmath\amstext.sty
Package: amstext 2021/08/26 v2.01 AMS text

(D:\MikTex\tex/latex/amsmath\amsgen.sty
File: amsgen.sty 1999/11/30 v2.0 generic functions
\@emptytoks=\toks25
\ex@=\dimen146
))
(D:\MikTex\tex/latex/amsmath\amsbsy.sty
Package: amsbsy 1999/11/29 v1.2d Bold Symbols
\pmbraise@=\dimen147
)
(D:\MikTex\tex/latex/amsmath\amsopn.sty
Package: amsopn 2022/04/08 v2.04 operator names
)
\inf@bad=\count269
LaTeX Info: Redefining \frac on input line 234.
\uproot@=\count270
\leftroot@=\count271
LaTeX Info: Redefining \overline on input line 399.
LaTeX Info: Redefining \colon on input line 410.
\classnum@=\count272
\DOTSCASE@=\count273
LaTeX Info: Redefining \ldots on input line 496.
LaTeX Info: Redefining \dots on input line 499.
LaTeX Info: Redefining \cdots on input line 620.
\Mathstrutbox@=\box55
\strutbox@=\box56
LaTeX Info: Redefining \big on input line 722.
LaTeX Info: Redefining \Big on input line 723.
LaTeX Info: Redefining \bigg on input line 724.
LaTeX Info: Redefining \Bigg on input line 725.
\big@size=\dimen148
LaTeX Font Info:    Redeclaring font encoding OML on input line 743.
LaTeX Font Info:    Redeclaring font encoding OMS on input line 744.
\macc@depth=\count274
LaTeX Info: Redefining \bmod on input line 905.
LaTeX Info: Redefining \pmod on input line 910.
LaTeX Info: Redefining \smash on input line 940.
LaTeX Info: Redefining \relbar on input line 970.
LaTeX Info: Redefining \Relbar on input line 971.
\c@MaxMatrixCols=\count275
\dotsspace@=\muskip16
\c@parentequation=\count276
\dspbrk@lvl=\count277
\tag@help=\toks26
\row@=\count278
\column@=\count279
\maxfields@=\count280
\andhelp@=\toks27
\eqnshift@=\dimen149
\alignsep@=\dimen150
\tagshift@=\dimen151
\tagwidth@=\dimen152
\totwidth@=\dimen153
\lineht@=\dimen154
\@envbody=\toks28
\multlinegap=\skip64
\multlinetaggap=\skip65
\mathdisplay@stack=\toks29
LaTeX Info: Redefining \[ on input line 2953.
LaTeX Info: Redefining \] on input line 2954.
)
(D:\MikTex\tex/latex/amsfonts\amsfonts.sty
Package: amsfonts 2013/01/14 v3.01 Basic AMSFonts support
\symAMSa=\mathgroup4
\symAMSb=\mathgroup5
LaTeX Font Info:    Redeclaring math symbol \hbar on input line 98.
LaTeX Font Info:    Overwriting math alphabet `\mathfrak' in version `bold'
(Font)                  U/euf/m/n --> U/euf/b/n on input line 106.
)
(D:\MikTex\tex/latex/amscls\amsthm.sty
Package: amsthm 2020/05/29 v2.20.6
\thm@style=\toks30
\thm@bodyfont=\toks31
\thm@headfont=\toks32
\thm@notefont=\toks33
\thm@headpunct=\toks34
\thm@preskip=\skip66
\thm@postskip=\skip67
\thm@headsep=\skip68
\dth@everypar=\toks35
) (D:\MikTex\tex/latex/tools\bm.sty
Package: bm 2022/01/05 v1.2f Bold Symbol Support (DPC/FMi)
\symboldoperators=\mathgroup6
\symboldletters=\mathgroup7
\symboldsymbols=\mathgroup8
Package bm Info: No bold for \OMX/cmex/m/n, using \pmb.
Package bm Info: No bold for \U/msa/m/n, using \pmb.
Package bm Info: No bold for \U/msb/m/n, using \pmb.
LaTeX Font Info:    Redeclaring math alphabet \mathbf on input line 149.
)
(D:\MikTex\tex/latex/amsfonts\amssymb.sty
Package: amssymb 2013/01/14 v3.01 AMS font symbols
)
(D:\MikTex\tex/latex/jknappen\mathrsfs.sty
Package: mathrsfs 1996/01/01 Math RSFS package v1.0 (jk)
\symrsfs=\mathgroup9
)
(D:\MikTex\tex/latex/base\latexsym.sty
Package: latexsym 1998/08/17 v2.2e Standard LaTeX package (lasy symbols)
\symlasy=\mathgroup10
LaTeX Font Info:    Overwriting symbol font `lasy' in version `bold'
(Font)                  U/lasy/m/n --> U/lasy/b/n on input line 52.
)
(D:\MikTex\tex/latex/tools\longtable.sty
Package: longtable 2021-09-01 v4.17 Multi-page Table package (DPC)
\LTleft=\skip69
\LTright=\skip70
\LTpre=\skip71
\LTpost=\skip72
\LTchunksize=\count281
\LTcapwidth=\dimen155
\LT@head=\box57
\LT@firsthead=\box58
\LT@foot=\box59
\LT@lastfoot=\box60
\LT@gbox=\box61
\LT@cols=\count282
\LT@rows=\count283
\c@LT@tables=\count284
\c@LT@chunks=\count285
\LT@p@ftn=\toks36
)
(D:\MikTex\tex/latex/multirow\multirow.sty
Package: multirow 2021/03/15 v2.8 Span multiple rows of a table
\multirow@colwidth=\skip73
\multirow@cntb=\count286
\multirow@dima=\skip74
\bigstrutjot=\dimen156
)
(D:\MikTex\tex/latex/tools\hhline.sty
Package: hhline 2020/01/04 v2.04 Table rule package (DPC)
) (D:\MikTex\tex/latex/tools\tabularx.sty
Package: tabularx 2020/01/15 v2.11c `tabularx' package (DPC)

(D:\MikTex\tex/latex/tools\array.sty
Package: array 2022/09/04 v2.5g Tabular extension package (FMi)
\col@sep=\dimen157
\ar@mcellbox=\box62
\extrarowheight=\dimen158
\NC@list=\toks37
\extratabsurround=\skip75
\backup@length=\skip76
\ar@cellbox=\box63
)
\TX@col@width=\dimen159
\TX@old@table=\dimen160
\TX@old@col=\dimen161
\TX@target=\dimen162
\TX@delta=\dimen163
\TX@cols=\count287
\TX@ftn=\toks38
) (D:\MikTex\tex/latex/base\flafter.sty
Package: flafter 2021/07/31 v1.4e Standard LaTeX floats after reference (FMi)
Applying: [2015/01/01] float order in 2-column on input line 49.
Already applied: [0000/00/00] float order in 2-column on input line 151.
)
(D:\MikTex\tex/latex/psnfss\pifont.sty
Package: pifont 2020/03/25 PSNFSS-v9.3 Pi font support (SPQR) 
LaTeX Font Info:    Trying to load font information for U+pzd on input line 63.

 (D:\MikTex\tex/latex/psnfss\upzd.fd
File: upzd.fd 2001/06/04 font definitions for U/pzd.
)
LaTeX Font Info:    Trying to load font information for U+psy on input line 64.


(D:\MikTex\tex/latex/psnfss\upsy.fd
File: upsy.fd 2001/06/04 font definitions for U/psy.
)) (D:\MikTex\tex/latex/tools\calc.sty
Package: calc 2017/05/25 v4.3 Infix arithmetic (KKT,FJ)
\calc@Acount=\count288
\calc@Bcount=\count289
\calc@Adimen=\dimen164
\calc@Bdimen=\dimen165
\calc@Askip=\skip77
\calc@Bskip=\skip78
LaTeX Info: Redefining \setlength on input line 80.
LaTeX Info: Redefining \addtolength on input line 81.
\calc@Ccount=\count290
\calc@Cskip=\skip79
)
(D:\MikTex\tex/latex/colortbl\colortbl.sty
Package: colortbl 2022/06/20 v1.0f Color table columns (DPC)

(D:\MikTex\tex/latex/graphics\color.sty
Package: color 2022/01/06 v1.3d Standard LaTeX Color (DPC)

(D:\MikTex\tex/latex/graphics-cfg\color.cfg
File: color.cfg 2016/01/02 v1.6 sample color configuration
)
Package color Info: Driver file: xetex.def on input line 149.

(D:\MikTex\tex/latex/graphics-def\xetex.def
File: xetex.def 2022/09/22 v5.0n Graphics/color driver for xetex
)
(D:\MikTex\tex/latex/graphics\mathcolor.ltx))
\everycr=\toks39
\minrowclearance=\skip80
\rownum=\count291
)
(D:\MikTex\tex/latex/booktabs\booktabs.sty
Package: booktabs 2020/01/12 v1.61803398 Publication quality tables
\heavyrulewidth=\dimen166
\lightrulewidth=\dimen167
\cmidrulewidth=\dimen168
\belowrulesep=\dimen169
\belowbottomsep=\dimen170
\aboverulesep=\dimen171
\abovetopsep=\dimen172
\cmidrulesep=\dimen173
\cmidrulekern=\dimen174
\defaultaddspace=\dimen175
\@cmidla=\count292
\@cmidlb=\count293
\@aboverulesep=\dimen176
\@belowrulesep=\dimen177
\@thisruleclass=\count294
\@lastruleclass=\count295
\@thisrulewidth=\dimen178
)
(D:\MikTex\tex/latex/geometry\geometry.sty
Package: geometry 2020/01/02 v5.9 Page Geometry

(D:\MikTex\tex/generic/iftex\ifvtex.sty
Package: ifvtex 2019/10/25 v1.7 ifvtex legacy package. Use iftex instead.
 (D:\MikTex\tex/generic/iftex\iftex.sty
Package: iftex 2022/02/03 v1.0f TeX engine tests
))
\Gm@cnth=\count296
\Gm@cntv=\count297
\c@Gm@tempcnt=\count298
\Gm@bindingoffset=\dimen179
\Gm@wd@mp=\dimen180
\Gm@odd@mp=\dimen181
\Gm@even@mp=\dimen182
\Gm@layoutwidth=\dimen183
\Gm@layoutheight=\dimen184
\Gm@layouthoffset=\dimen185
\Gm@layoutvoffset=\dimen186
\Gm@dimlist=\toks40
 (D:\MikTex\tex/latex/geometry\geometry.cfg))
(D:\MikTex\tex/latex/base\fontenc.sty
Package: fontenc 2021/04/29 v2.0v Standard LaTeX package
LaTeX Font Info:    Trying to load font information for T1+lmr on input line 11
2.
 (D:\MikTex\tex/latex/lm\t1lmr.fd
File: t1lmr.fd 2015/05/01 v1.6.1 Font defs for Latin Modern
))
(D:\MikTex\tex/latex/bera\berasans.sty
Package: berasans 2004/01/30 (WaS)
)
(D:\MikTex\tex/latex/hyperref\hyperref.sty
Package: hyperref 2023-07-08 v7.01b Hypertext links for LaTeX

(D:\MikTex\tex/generic/ltxcmds\ltxcmds.sty
Package: ltxcmds 2023-12-04 v1.26 LaTeX kernel commands for general use (HO)
)
(D:\MikTex\tex/generic/pdftexcmds\pdftexcmds.sty
Package: pdftexcmds 2020-06-27 v0.33 Utility functions of pdfTeX for LuaTeX (HO
)

(D:\MikTex\tex/generic/infwarerr\infwarerr.sty
Package: infwarerr 2019/12/03 v1.5 Providing info/warning/error messages (HO)
)
Package pdftexcmds Info: \pdf@primitive is available.
Package pdftexcmds Info: \pdf@ifprimitive is available.
Package pdftexcmds Info: \pdfdraftmode not found.
)
(D:\MikTex\tex/latex/kvsetkeys\kvsetkeys.sty
Package: kvsetkeys 2022-10-05 v1.19 Key value parser (HO)
)
(D:\MikTex\tex/generic/kvdefinekeys\kvdefinekeys.sty
Package: kvdefinekeys 2019-12-19 v1.6 Define keys (HO)
)
(D:\MikTex\tex/generic/pdfescape\pdfescape.sty
Package: pdfescape 2019/12/09 v1.15 Implements pdfTeX's escape features (HO)
)
(D:\MikTex\tex/latex/hycolor\hycolor.sty
Package: hycolor 2020-01-27 v1.10 Color options for hyperref/bookmark (HO)
)
(D:\MikTex\tex/latex/letltxmacro\letltxmacro.sty
Package: letltxmacro 2019/12/03 v1.6 Let assignment for LaTeX macros (HO)
)
(D:\MikTex\tex/latex/auxhook\auxhook.sty
Package: auxhook 2019-12-17 v1.6 Hooks for auxiliary files (HO)
)
(D:\MikTex\tex/latex/hyperref\nameref.sty
Package: nameref 2023-08-07 v2.53 Cross-referencing by name of section

(D:\MikTex\tex/latex/refcount\refcount.sty
Package: refcount 2019/12/15 v3.6 Data extraction from label references (HO)
)
(D:\MikTex\tex/generic/gettitlestring\gettitlestring.sty
Package: gettitlestring 2019/12/15 v1.6 Cleanup title references (HO)

(D:\MikTex\tex/latex/kvoptions\kvoptions.sty
Package: kvoptions 2022-06-15 v3.15 Key value format for package options (HO)
))
\c@section@level=\count299
)
\@linkdim=\dimen187
\Hy@linkcounter=\count300
\Hy@pagecounter=\count301

(D:\MikTex\tex/latex/hyperref\pd1enc.def
File: pd1enc.def 2023-07-08 v7.01b Hyperref: PDFDocEncoding definition (HO)
)
(D:\MikTex\tex/generic/intcalc\intcalc.sty
Package: intcalc 2019/12/15 v1.3 Expandable calculations with integers (HO)
)
\Hy@SavedSpaceFactor=\count302

(D:\MikTex\tex/latex/hyperref\puenc.def
File: puenc.def 2023-07-08 v7.01b Hyperref: PDF Unicode definition (HO)
)
Package hyperref Info: Hyper figures OFF on input line 4167.
Package hyperref Info: Link nesting OFF on input line 4172.
Package hyperref Info: Hyper index ON on input line 4175.
Package hyperref Info: Plain pages OFF on input line 4182.
Package hyperref Info: Backreferencing OFF on input line 4187.
Package hyperref Info: Implicit mode ON; LaTeX internals redefined.
Package hyperref Info: Bookmarks ON on input line 4434.
\c@Hy@tempcnt=\count303
 (D:\MikTex\tex/latex/url\url.sty
\Urlmuskip=\muskip17
Package: url 2013/09/16  ver 3.4  Verb mode for urls, etc.
)
LaTeX Info: Redefining \url on input line 4772.
\XeTeXLinkMargin=\dimen188

(D:\MikTex\tex/generic/bitset\bitset.sty
Package: bitset 2019/12/09 v1.3 Handle bit-vector datatype (HO)

(D:\MikTex\tex/generic/bigintcalc\bigintcalc.sty
Package: bigintcalc 2019/12/15 v1.5 Expandable calculations on big integers (HO
)
))
\Fld@menulength=\count304
\Field@Width=\dimen189
\Fld@charsize=\dimen190
Package hyperref Info: Hyper figures OFF on input line 6051.
Package hyperref Info: Link nesting OFF on input line 6056.
Package hyperref Info: Hyper index ON on input line 6059.
Package hyperref Info: backreferencing OFF on input line 6066.
Package hyperref Info: Link coloring OFF on input line 6071.
Package hyperref Info: Link coloring with OCG OFF on input line 6076.
Package hyperref Info: PDF/A mode OFF on input line 6081.

(D:\MikTex\tex/latex/base\atbegshi-ltx.sty
Package: atbegshi-ltx 2021/01/10 v1.0c Emulation of the original atbegshi
package with kernel methods
)
\Hy@abspage=\count305
\c@Item=\count306
\c@Hfootnote=\count307
)
Package hyperref Info: Driver (autodetected): hxetex.

(D:\MikTex\tex/latex/hyperref\hxetex.def
File: hxetex.def 2023-07-08 v7.01b Hyperref driver for XeTeX

(D:\MikTex\tex/generic/stringenc\stringenc.sty
Package: stringenc 2019/11/29 v1.12 Convert strings between diff. encodings (HO
)
)
\pdfm@box=\box64
\c@Hy@AnnotLevel=\count308
\HyField@AnnotCount=\count309
\Fld@listcount=\count310
\c@bookmark@seq@number=\count311

(D:\MikTex\tex/latex/rerunfilecheck\rerunfilecheck.sty
Package: rerunfilecheck 2022-07-10 v1.10 Rerun checks for auxiliary files (HO)

(D:\MikTex\tex/latex/base\atveryend-ltx.sty
Package: atveryend-ltx 2020/08/19 v1.0a Emulation of the original atveryend pac
kage
with kernel methods
)
(D:\MikTex\tex/generic/uniquecounter\uniquecounter.sty
Package: uniquecounter 2019/12/15 v1.4 Provide unlimited unique counter (HO)
)
Package uniquecounter Info: New unique counter `rerunfilecheck' on input line 2
85.
)
\Hy@SectionHShift=\skip81
)
(D:\MikTex\tex/generic/iftex\ifpdf.sty
Package: ifpdf 2019/10/25 v3.4 ifpdf legacy package. Use iftex instead.
)
(D:\MikTex\tex/generic/iftex\ifxetex.sty
Package: ifxetex 2019/10/25 v0.7 ifxetex legacy package. Use iftex instead.
)
(D:\MikTex\tex/latex/graphics\graphicx.sty
Package: graphicx 2021/09/16 v1.2d Enhanced LaTeX Graphics (DPC,SPQR)

(D:\MikTex\tex/latex/graphics\graphics.sty
Package: graphics 2022/03/10 v1.4e Standard LaTeX Graphics (DPC,SPQR)

(D:\MikTex\tex/latex/graphics\trig.sty
Package: trig 2021/08/11 v1.11 sin cos tan (DPC)
)
(D:\MikTex\tex/latex/graphics-cfg\graphics.cfg
File: graphics.cfg 2016/06/04 v1.11 sample graphics configuration
)
Package graphics Info: Driver file: xetex.def on input line 107.
)
\Gin@req@height=\dimen191
\Gin@req@width=\dimen192
)
(D:\MikTex\tex/latex/xcolor\xcolor.sty
Package: xcolor 2022/06/12 v2.14 LaTeX color extensions (UK)

(D:\MikTex\tex/latex/graphics-cfg\color.cfg
File: color.cfg 2016/01/02 v1.6 sample color configuration
)
Package xcolor Info: Driver file: xetex.def on input line 227.
LaTeX Info: Redefining \color on input line 711.

(D:\MikTex\tex/latex/graphics\mathcolor.ltx)
Package xcolor Info: Model `cmy' substituted by `cmy0' on input line 1353.
Package xcolor Info: Model `RGB' extended on input line 1369.
Package xcolor Info: Model `HTML' substituted by `rgb' on input line 1371.
Package xcolor Info: Model `Hsb' substituted by `hsb' on input line 1372.
Package xcolor Info: Model `tHsb' substituted by `hsb' on input line 1373.
Package xcolor Info: Model `HSB' substituted by `hsb' on input line 1374.
Package xcolor Info: Model `Gray' substituted by `gray' on input line 1375.
Package xcolor Info: Model `wave' substituted by `hsb' on input line 1376.

(D:\MikTex\tex/latex/xcolor\svgnam.def
File: svgnam.def 2022/06/12 v2.14 Predefined colors according to SVG 1.1 (UK)
))
Invalid UTF-8 byte or sequence at line 66 replaced by U+FFFD.
Invalid UTF-8 byte or sequence at line 66 replaced by U+FFFD.
Invalid UTF-8 byte or sequence at line 66 replaced by U+FFFD.
Invalid UTF-8 byte or sequence at line 66 replaced by U+FFFD.
Invalid UTF-8 byte or sequence at line 66 replaced by U+FFFD.
Invalid UTF-8 byte or sequence at line 66 replaced by U+FFFD.
Invalid UTF-8 byte or sequence at line 66 replaced by U+FFFD.
Invalid UTF-8 byte or sequence at line 66 replaced by U+FFFD.
Invalid UTF-8 byte or sequence at line 66 replaced by U+FFFD.
Invalid UTF-8 byte or sequence at line 66 replaced by U+FFFD.
Invalid UTF-8 byte or sequence at line 66 replaced by U+FFFD.
Invalid UTF-8 byte or sequence at line 66 replaced by U+FFFD.
Invalid UTF-8 byte or sequence at line 66 replaced by U+FFFD.
Invalid UTF-8 byte or sequence at line 66 replaced by U+FFFD.
Invalid UTF-8 byte or sequence at line 66 replaced by U+FFFD.
Invalid UTF-8 byte or sequence at line 66 replaced by U+FFFD.
Invalid UTF-8 byte or sequence at line 67 replaced by U+FFFD.
Invalid UTF-8 byte or sequence at line 67 replaced by U+FFFD.
Invalid UTF-8 byte or sequence at line 67 replaced by U+FFFD.
Invalid UTF-8 byte or sequence at line 67 replaced by U+FFFD.
Invalid UTF-8 byte or sequence at line 67 replaced by U+FFFD.
Invalid UTF-8 byte or sequence at line 67 replaced by U+FFFD.
Invalid UTF-8 byte or sequence at line 67 replaced by U+FFFD.
Invalid UTF-8 byte or sequence at line 67 replaced by U+FFFD.
Invalid UTF-8 byte or sequence at line 67 replaced by U+FFFD.
Invalid UTF-8 byte or sequence at line 67 replaced by U+FFFD.
Invalid UTF-8 byte or sequence at line 67 replaced by U+FFFD.
Invalid UTF-8 byte or sequence at line 67 replaced by U+FFFD.
Invalid UTF-8 byte or sequence at line 67 replaced by U+FFFD.
Invalid UTF-8 byte or sequence at line 72 replaced by U+FFFD.
Invalid UTF-8 byte or sequence at line 72 replaced by U+FFFD.
Invalid UTF-8 byte or sequence at line 72 replaced by U+FFFD.
Invalid UTF-8 byte or sequence at line 72 replaced by U+FFFD.
Invalid UTF-8 byte or sequence at line 72 replaced by U+FFFD.
Invalid UTF-8 byte or sequence at line 72 replaced by U+FFFD.
Invalid UTF-8 byte or sequence at line 72 replaced by U+FFFD.
Invalid UTF-8 byte or sequence at line 72 replaced by U+FFFD.
Invalid UTF-8 byte or sequence at line 72 replaced by U+FFFD.
Invalid UTF-8 byte or sequence at line 72 replaced by U+FFFD.
Invalid UTF-8 byte or sequence at line 72 replaced by U+FFFD.
Invalid UTF-8 byte or sequence at line 72 replaced by U+FFFD.
Invalid UTF-8 byte or sequence at line 72 replaced by U+FFFD.
Invalid UTF-8 byte or sequence at line 72 replaced by U+FFFD.
Invalid UTF-8 byte or sequence at line 72 replaced by U+FFFD.
Invalid UTF-8 byte or sequence at line 72 replaced by U+FFFD.
Invalid UTF-8 byte or sequence at line 73 replaced by U+FFFD.
Invalid UTF-8 byte or sequence at line 73 replaced by U+FFFD.
Invalid UTF-8 byte or sequence at line 73 replaced by U+FFFD.
Invalid UTF-8 byte or sequence at line 73 replaced by U+FFFD.
Invalid UTF-8 byte or sequence at line 73 replaced by U+FFFD.
Invalid UTF-8 byte or sequence at line 73 replaced by U+FFFD.
Invalid UTF-8 byte or sequence at line 73 replaced by U+FFFD.
Invalid UTF-8 byte or sequence at line 73 replaced by U+FFFD.
Invalid UTF-8 byte or sequence at line 73 replaced by U+FFFD.
Invalid UTF-8 byte or sequence at line 73 replaced by U+FFFD.
Invalid UTF-8 byte or sequence at line 73 replaced by U+FFFD.
Invalid UTF-8 byte or sequence at line 73 replaced by U+FFFD.
Invalid UTF-8 byte or sequence at line 73 replaced by U+FFFD.
Package hyperref Info: Option `bookmarksopen' set `true' on input line 74.
\@summary=\box65
\c@Theorem=\count312

(D:\MikTex\tex/latex/listings\lstlang1.sty
File: lstlang1.sty 2023/02/27 1.9 listings language file
)
(D:\MikTex\tex/latex/listings\lstmisc.sty
File: lstmisc.sty 2023/02/27 1.9 (Carsten Heinz)
))
Invalid UTF-8 byte or sequence at line 6 replaced by U+FFFD.
Invalid UTF-8 byte or sequence at line 6 replaced by U+FFFD.
Invalid UTF-8 byte or sequence at line 6 replaced by U+FFFD.
Invalid UTF-8 byte or sequence at line 6 replaced by U+FFFD.
Invalid UTF-8 byte or sequence at line 6 replaced by U+FFFD.
Invalid UTF-8 byte or sequence at line 6 replaced by U+FFFD.
Invalid UTF-8 byte or sequence at line 6 replaced by U+FFFD.
Invalid UTF-8 byte or sequence at line 6 replaced by U+FFFD.
Invalid UTF-8 byte or sequence at line 6 replaced by U+FFFD.
Invalid UTF-8 byte or sequence at line 6 replaced by U+FFFD.
Invalid UTF-8 byte or sequence at line 8 replaced by U+FFFD.
Invalid UTF-8 byte or sequence at line 8 replaced by U+FFFD.
Invalid UTF-8 byte or sequence at line 8 replaced by U+FFFD.
Invalid UTF-8 byte or sequence at line 8 replaced by U+FFFD.
Invalid UTF-8 byte or sequence at line 8 replaced by U+FFFD.
Invalid UTF-8 byte or sequence at line 8 replaced by U+FFFD.
Invalid UTF-8 byte or sequence at line 8 replaced by U+FFFD.
Invalid UTF-8 byte or sequence at line 8 replaced by U+FFFD.
Invalid UTF-8 byte or sequence at line 8 replaced by U+FFFD.
Invalid UTF-8 byte or sequence at line 9 replaced by U+FFFD.
Invalid UTF-8 byte or sequence at line 9 replaced by U+FFFD.
Invalid UTF-8 byte or sequence at line 9 replaced by U+FFFD.
Invalid UTF-8 byte or sequence at line 9 replaced by U+FFFD.
Invalid UTF-8 byte or sequence at line 9 replaced by U+FFFD.
Invalid UTF-8 byte or sequence at line 9 replaced by U+FFFD.
Invalid UTF-8 byte or sequence at line 9 replaced by U+FFFD.
Invalid UTF-8 byte or sequence at line 9 replaced by U+FFFD.
Invalid UTF-8 byte or sequence at line 9 replaced by U+FFFD.
Invalid UTF-8 byte or sequence at line 9 replaced by U+FFFD.
Invalid UTF-8 byte or sequence at line 9 replaced by U+FFFD.
Invalid UTF-8 byte or sequence at line 9 replaced by U+FFFD.
Invalid UTF-8 byte or sequence at line 9 replaced by U+FFFD.
Invalid UTF-8 byte or sequence at line 9 replaced by U+FFFD.
Invalid UTF-8 byte or sequence at line 9 replaced by U+FFFD.
Invalid UTF-8 byte or sequence at line 9 replaced by U+FFFD.
Invalid UTF-8 byte or sequence at line 9 replaced by U+FFFD.
Invalid UTF-8 byte or sequence at line 9 replaced by U+FFFD.
Invalid UTF-8 byte or sequence at line 9 replaced by U+FFFD.
Invalid UTF-8 byte or sequence at line 10 replaced by U+FFFD.
Invalid UTF-8 byte or sequence at line 10 replaced by U+FFFD.
Invalid UTF-8 byte or sequence at line 10 replaced by U+FFFD.
Invalid UTF-8 byte or sequence at line 10 replaced by U+FFFD.
Invalid UTF-8 byte or sequence at line 10 replaced by U+FFFD.
Invalid UTF-8 byte or sequence at line 10 replaced by U+FFFD.
Invalid UTF-8 byte or sequence at line 10 replaced by U+FFFD.
Invalid UTF-8 byte or sequence at line 10 replaced by U+FFFD.
Invalid UTF-8 byte or sequence at line 10 replaced by U+FFFD.
Invalid UTF-8 byte or sequence at line 10 replaced by U+FFFD.
Invalid UTF-8 byte or sequence at line 10 replaced by U+FFFD.
Invalid UTF-8 byte or sequence at line 10 replaced by U+FFFD.
Invalid UTF-8 byte or sequence at line 10 replaced by U+FFFD.
Invalid UTF-8 byte or sequence at line 10 replaced by U+FFFD.
Invalid UTF-8 byte or sequence at line 10 replaced by U+FFFD.
Invalid UTF-8 byte or sequence at line 10 replaced by U+FFFD.
Invalid UTF-8 byte or sequence at line 10 replaced by U+FFFD.
Invalid UTF-8 byte or sequence at line 10 replaced by U+FFFD.
Invalid UTF-8 byte or sequence at line 10 replaced by U+FFFD.
Invalid UTF-8 byte or sequence at line 11 replaced by U+FFFD.
Invalid UTF-8 byte or sequence at line 11 replaced by U+FFFD.
Invalid UTF-8 byte or sequence at line 11 replaced by U+FFFD.
Invalid UTF-8 byte or sequence at line 11 replaced by U+FFFD.
Invalid UTF-8 byte or sequence at line 11 replaced by U+FFFD.
Invalid UTF-8 byte or sequence at line 11 replaced by U+FFFD.
Invalid UTF-8 byte or sequence at line 11 replaced by U+FFFD.
Invalid UTF-8 byte or sequence at line 11 replaced by U+FFFD.
Invalid UTF-8 byte or sequence at line 11 replaced by U+FFFD.
Invalid UTF-8 byte or sequence at line 11 replaced by U+FFFD.
Invalid UTF-8 byte or sequence at line 11 replaced by U+FFFD.
Invalid UTF-8 byte or sequence at line 11 replaced by U+FFFD.
Invalid UTF-8 byte or sequence at line 11 replaced by U+FFFD.
Invalid UTF-8 byte or sequence at line 11 replaced by U+FFFD.
Invalid UTF-8 byte or sequence at line 11 replaced by U+FFFD.
Invalid UTF-8 byte or sequence at line 11 replaced by U+FFFD.

(D:\MikTex\tex/latex/psnfss\mathpazo.sty
Package: mathpazo 2020/03/25 PSNFSS-v9.3 Palatino w/ Pazo Math (D.Puga, WaS) 
\symupright=\mathgroup11
)
Invalid UTF-8 byte or sequence at line 13 replaced by U+FFFD.
Invalid UTF-8 byte or sequence at line 13 replaced by U+FFFD.
Invalid UTF-8 byte or sequence at line 13 replaced by U+FFFD.
Invalid UTF-8 byte or sequence at line 13 replaced by U+FFFD.
Invalid UTF-8 byte or sequence at line 13 replaced by U+FFFD.
Invalid UTF-8 byte or sequence at line 13 replaced by U+FFFD.
Invalid UTF-8 byte or sequence at line 13 replaced by U+FFFD.
Invalid UTF-8 byte or sequence at line 14 replaced by U+FFFD.
Invalid UTF-8 byte or sequence at line 14 replaced by U+FFFD.
Invalid UTF-8 byte or sequence at line 14 replaced by U+FFFD.
Invalid UTF-8 byte or sequence at line 14 replaced by U+FFFD.
Invalid UTF-8 byte or sequence at line 14 replaced by U+FFFD.
Invalid UTF-8 byte or sequence at line 15 replaced by U+FFFD.
Invalid UTF-8 byte or sequence at line 15 replaced by U+FFFD.
Invalid UTF-8 byte or sequence at line 15 replaced by U+FFFD.
Invalid UTF-8 byte or sequence at line 15 replaced by U+FFFD.
Invalid UTF-8 byte or sequence at line 15 replaced by U+FFFD.
Invalid UTF-8 byte or sequence at line 15 replaced by U+FFFD.
Invalid UTF-8 byte or sequence at line 15 replaced by U+FFFD.
Invalid UTF-8 byte or sequence at line 15 replaced by U+FFFD.
Invalid UTF-8 byte or sequence at line 15 replaced by U+FFFD.
Invalid UTF-8 byte or sequence at line 15 replaced by U+FFFD.
Invalid UTF-8 byte or sequence at line 16 replaced by U+FFFD.
Invalid UTF-8 byte or sequence at line 16 replaced by U+FFFD.
Invalid UTF-8 byte or sequence at line 16 replaced by U+FFFD.
Invalid UTF-8 byte or sequence at line 16 replaced by U+FFFD.
Invalid UTF-8 byte or sequence at line 16 replaced by U+FFFD.
Invalid UTF-8 byte or sequence at line 16 replaced by U+FFFD.
Invalid UTF-8 byte or sequence at line 16 replaced by U+FFFD.
Invalid UTF-8 byte or sequence at line 16 replaced by U+FFFD.
Invalid UTF-8 byte or sequence at line 18 replaced by U+FFFD.
Invalid UTF-8 byte or sequence at line 18 replaced by U+FFFD.
Invalid UTF-8 byte or sequence at line 18 replaced by U+FFFD.
Invalid UTF-8 byte or sequence at line 18 replaced by U+FFFD.
Invalid UTF-8 byte or sequence at line 18 replaced by U+FFFD.
Invalid UTF-8 byte or sequence at line 18 replaced by U+FFFD.
Invalid UTF-8 byte or sequence at line 18 replaced by U+FFFD.
Invalid UTF-8 byte or sequence at line 18 replaced by U+FFFD.
Invalid UTF-8 byte or sequence at line 18 replaced by U+FFFD.

(D:\MikTex\tex/latex/tocloft\tocloft.sty
Package: tocloft 2017/08/31 v2.3i parameterised ToC, etc., typesetting
Package tocloft Info: The document has section divisions on input line 51.
\cftparskip=\skip82
\cftbeforetoctitleskip=\skip83
\cftaftertoctitleskip=\skip84
\cftbeforepartskip=\skip85
\cftpartnumwidth=\skip86
\cftpartindent=\skip87
\cftbeforesecskip=\skip88
\cftsecindent=\skip89
\cftsecnumwidth=\skip90
\cftbeforesubsecskip=\skip91
\cftsubsecindent=\skip92
\cftsubsecnumwidth=\skip93
\cftbeforesubsubsecskip=\skip94
\cftsubsubsecindent=\skip95
\cftsubsubsecnumwidth=\skip96
\cftbeforeparaskip=\skip97
\cftparaindent=\skip98
\cftparanumwidth=\skip99
\cftbeforesubparaskip=\skip100
\cftsubparaindent=\skip101
\cftsubparanumwidth=\skip102
\cftbeforeloftitleskip=\skip103
\cftafterloftitleskip=\skip104
\cftbeforefigskip=\skip105
\cftfigindent=\skip106
\cftfignumwidth=\skip107
\c@lofdepth=\count313
\c@lotdepth=\count314
\cftbeforelottitleskip=\skip108
\cftafterlottitleskip=\skip109
\cftbeforetabskip=\skip110
\cfttabindent=\skip111
\cfttabnumwidth=\skip112
)
Invalid UTF-8 byte or sequence at line 24 replaced by U+FFFD.
Invalid UTF-8 byte or sequence at line 24 replaced by U+FFFD.
Invalid UTF-8 byte or sequence at line 24 replaced by U+FFFD.
Invalid UTF-8 byte or sequence at line 25 replaced by U+FFFD.
Invalid UTF-8 byte or sequence at line 25 replaced by U+FFFD.
Invalid UTF-8 byte or sequence at line 25 replaced by U+FFFD.
Invalid UTF-8 byte or sequence at line 25 replaced by U+FFFD.
Invalid UTF-8 byte or sequence at line 25 replaced by U+FFFD.
Invalid UTF-8 byte or sequence at line 25 replaced by U+FFFD.
Invalid UTF-8 byte or sequence at line 25 replaced by U+FFFD.
Invalid UTF-8 byte or sequence at line 32 replaced by U+FFFD.
Invalid UTF-8 byte or sequence at line 32 replaced by U+FFFD.
Invalid UTF-8 byte or sequence at line 32 replaced by U+FFFD.
Invalid UTF-8 byte or sequence at line 32 replaced by U+FFFD.
Invalid UTF-8 byte or sequence at line 32 replaced by U+FFFD.
Invalid UTF-8 byte or sequence at line 32 replaced by U+FFFD.
LaTeX Font Info:    Trying to load font information for T1+ppl on input line 35
.
 (D:\MikTex\tex/latex/psnfss\t1ppl.fd
File: t1ppl.fd 2001/06/04 font definitions for T1/ppl.
) (D:\MikTex\tex/latex/l3backend\l3backend-xetex.def
File: l3backend-xetex.def 2023-04-19 L3 backend support: XeTeX
\g__graphics_track_int=\count315
\l__pdf_internal_box=\box66
\g__pdf_backend_object_int=\count316
\g__pdf_backend_annotation_int=\count317
\g__pdf_backend_link_int=\count318
) (main.aux)
\openout1 = `main.aux'.

LaTeX Font Info:    Checking defaults for OML/cmm/m/it on input line 35.
LaTeX Font Info:    ... okay on input line 35.
LaTeX Font Info:    Checking defaults for OMS/cmsy/m/n on input line 35.
LaTeX Font Info:    ... okay on input line 35.
LaTeX Font Info:    Checking defaults for OT1/cmr/m/n on input line 35.
LaTeX Font Info:    ... okay on input line 35.
LaTeX Font Info:    Checking defaults for T1/cmr/m/n on input line 35.
LaTeX Font Info:    ... okay on input line 35.
LaTeX Font Info:    Checking defaults for TS1/cmr/m/n on input line 35.
LaTeX Font Info:    Trying to load font information for TS1+cmr on input line 3
5.

(D:\MikTex\tex/latex/base\ts1cmr.fd
File: ts1cmr.fd 2023/04/13 v2.5m Standard LaTeX font definitions
)
LaTeX Font Info:    ... okay on input line 35.
LaTeX Font Info:    Checking defaults for TU/lmr/m/n on input line 35.
LaTeX Font Info:    ... okay on input line 35.
LaTeX Font Info:    Checking defaults for OMX/cmex/m/n on input line 35.
LaTeX Font Info:    ... okay on input line 35.
LaTeX Font Info:    Checking defaults for U/cmr/m/n on input line 35.
LaTeX Font Info:    ... okay on input line 35.
LaTeX Font Info:    Checking defaults for PD1/pdf/m/n on input line 35.
LaTeX Font Info:    ... okay on input line 35.
LaTeX Font Info:    Checking defaults for PU/pdf/m/n on input line 35.
LaTeX Font Info:    ... okay on input line 35.
\c@lstlisting=\count319

*geometry* driver: auto-detecting
*geometry* detected driver: xetex
*geometry* verbose mode - [ preamble ] result:
* driver: xetex
* paper: a4paper
* layout: <same size as paper>
* layoutoffset:(h,v)=(0.0pt,0.0pt)
* modes: 
* h-part:(L,W,R)=(72.26999pt, 452.9679pt, 72.26999pt)
* v-part:(T,H,B)=(72.26999pt, 700.50687pt, 72.26999pt)
* \paperwidth=597.50787pt
* \paperheight=845.04684pt
* \textwidth=452.9679pt
* \textheight=700.50687pt
* \oddsidemargin=0.0pt
* \evensidemargin=0.0pt
* \topmargin=-37.0pt
* \headheight=12.0pt
* \headsep=25.0pt
* \topskip=12.0pt
* \footskip=30.0pt
* \marginparwidth=35.0pt
* \marginparsep=10.0pt
* \columnsep=10.0pt
* \skip\footins=10.8pt plus 4.0pt minus 2.0pt
* \hoffset=0.0pt
* \voffset=0.0pt
* \mag=1000
* \@twocolumnfalse
* \@twosidefalse
* \@mparswitchfalse
* \@reversemarginfalse
* (1in=72.27pt=25.4mm, 1cm=28.453pt)

Package hyperref Info: Link coloring OFF on input line 35.
(main.out) (main.out)
\@outlinefile=\write4
\openout4 = `main.out'.



Package hyperref Warning: Rerun to get /PageLabels entry.

Invalid UTF-8 byte or sequence at line 37 replaced by U+FFFD.
Invalid UTF-8 byte or sequence at line 37 replaced by U+FFFD.
Invalid UTF-8 byte or sequence at line 37 replaced by U+FFFD.
Invalid UTF-8 byte or sequence at line 37 replaced by U+FFFD.
LaTeX Font Info:    Trying to load font information for TS1+ppl on input line 4
3.
(D:\MikTex\tex/latex/psnfss\ts1ppl.fd
File: ts1ppl.fd 2001/06/04 font definitions for TS1/ppl.
)
Invalid UTF-8 byte or sequence at line 48 replaced by U+FFFD.
Invalid UTF-8 byte or sequence at line 48 replaced by U+FFFD.
LaTeX Font Info:    Trying to load font information for OT1+ppl on input line 5
5.
 (D:\MikTex\tex/latex/psnfss\ot1ppl.fd
File: ot1ppl.fd 2001/06/04 font definitions for OT1/ppl.
)
LaTeX Font Info:    Trying to load font information for OML+zplm on input line 
55.

(D:\MikTex\tex/latex/psnfss\omlzplm.fd
File: omlzplm.fd 2002/09/08 Fontinst v1.914 font definitions for OML/zplm.
)
LaTeX Font Info:    Trying to load font information for OMS+zplm on input line 
55.
 (D:\MikTex\tex/latex/psnfss\omszplm.fd
File: omszplm.fd 2002/09/08 Fontinst v1.914 font definitions for OMS/zplm.
)
LaTeX Font Info:    Trying to load font information for OMX+zplm on input line 
55.
(D:\MikTex\tex/latex/psnfss\omxzplm.fd
File: omxzplm.fd 2002/09/08 Fontinst v1.914 font definitions for OMX/zplm.
)
LaTeX Font Info:    Font shape `U/msa/m/n' will be
(Font)              scaled to size 12.50409pt on input line 55.
LaTeX Font Info:    Font shape `U/msa/m/n' will be
(Font)              scaled to size 9.37807pt on input line 55.
LaTeX Font Info:    Font shape `U/msa/m/n' will be
(Font)              scaled to size 7.29405pt on input line 55.
LaTeX Font Info:    Font shape `U/msb/m/n' will be
(Font)              scaled to size 12.50409pt on input line 55.
LaTeX Font Info:    Font shape `U/msb/m/n' will be
(Font)              scaled to size 9.37807pt on input line 55.
LaTeX Font Info:    Font shape `U/msb/m/n' will be
(Font)              scaled to size 7.29405pt on input line 55.
LaTeX Font Info:    Trying to load font information for U+rsfs on input line 55
.
 (D:\MikTex\tex/latex/jknappen\ursfs.fd
File: ursfs.fd 1998/03/24 rsfs font definition file (jk)
)
LaTeX Font Info:    Trying to load font information for U+lasy on input line 55
.
(D:\MikTex\tex/latex/base\ulasy.fd
File: ulasy.fd 1998/08/17 v2.2e LaTeX symbol font definitions
)
LaTeX Font Info:    Trying to load font information for OT1+zplm on input line 
55.
 (D:\MikTex\tex/latex/psnfss\ot1zplm.fd
File: ot1zplm.fd 2002/09/08 Fontinst v1.914 font definitions for OT1/zplm.
)
Overfull \vbox (1.10002pt too high) detected at line 55
 []


Overfull \vbox (1.10002pt too high) detected at line 55
 []

[1

] (main.toc)
\tf@toc=\write5
\openout5 = `main.toc'.

LaTeX Font Info:    Trying to load font information for T1+fvs on input line 62
.
 (D:\MikTex\tex/latex/bera\t1fvs.fd
File: t1fvs.fd 2004/09/07 scalable font definitions for T1/fvs.
)
LaTeX Font Info:    Font shape `T1/fvs/m/n' will be
(Font)              scaled to size 10.79993pt on input line 62.


Package fancyhdr Warning: \headheight is too small (12.0pt): 
(fancyhdr)                Make it at least 14.49998pt, for example:
(fancyhdr)                \setlength{\headheight}{14.49998pt}.
(fancyhdr)                You might also make \topmargin smaller to compensate:

(fancyhdr)                \addtolength{\topmargin}{-2.49998pt}.

[1]
Invalid UTF-8 byte or sequence at line 71 replaced by U+FFFD.
Invalid UTF-8 byte or sequence at line 71 replaced by U+FFFD.
Invalid UTF-8 byte or sequence at line 71 replaced by U+FFFD.
Invalid UTF-8 byte or sequence at line 71 replaced by U+FFFD.
Invalid UTF-8 byte or sequence at line 71 replaced by U+FFFD.
Invalid UTF-8 byte or sequence at line 71 replaced by U+FFFD.
Invalid UTF-8 byte or sequence at line 71 replaced by U+FFFD.


Package fancyhdr Warning: \headheight is too small (12.0pt): 
(fancyhdr)                Make it at least 14.49998pt, for example:
(fancyhdr)                \setlength{\headheight}{14.49998pt}.
(fancyhdr)                You might also make \topmargin smaller to compensate:

(fancyhdr)                \addtolength{\topmargin}{-2.49998pt}.

[2]
Overfull \hbox (3.81865pt too wide) in paragraph at lines 78--81
[]\T1/ppl/m/n/12 For ex-am-ple, for math-e-mat-i-cal mod-el-ing be-gin-ners, th
e book named `A First Course
 []


LaTeX Warning: Reference `LastPage' on page 1 undefined on input line 123.


Package fancyhdr Warning: \headheight is too small (12.0pt): 
(fancyhdr)                Make it at least 14.49998pt, for example:
(fancyhdr)                \setlength{\headheight}{14.49998pt}.
(fancyhdr)                You might also make \topmargin smaller to compensate:

(fancyhdr)                \addtolength{\topmargin}{-2.49998pt}.

[1]
Invalid UTF-8 byte or sequence at line 147 replaced by U+FFFD.
Invalid UTF-8 byte or sequence at line 147 replaced by U+FFFD.
Invalid UTF-8 byte or sequence at line 147 replaced by U+FFFD.
File: ./figures/mcm-fig-2.eps Graphic file (type eps)
<./figures/mcm-fig-2.eps>
Invalid UTF-8 byte or sequence at line 156 replaced by U+FFFD.
Invalid UTF-8 byte or sequence at line 156 replaced by U+FFFD.
Invalid UTF-8 byte or sequence at line 156 replaced by U+FFFD.
Invalid UTF-8 byte or sequence at line 156 replaced by U+FFFD.
Invalid UTF-8 byte or sequence at line 157 replaced by U+FFFD.
Invalid UTF-8 byte or sequence at line 157 replaced by U+FFFD.
Invalid UTF-8 byte or sequence at line 157 replaced by U+FFFD.
Invalid UTF-8 byte or sequence at line 157 replaced by U+FFFD.
Invalid UTF-8 byte or sequence at line 157 replaced by U+FFFD.
File: ./figures/mcm-fig-2.eps Graphic file (type eps)
<./figures/mcm-fig-2.eps>
File: ./figures/Fig1.jpg Graphic file (type bmp)
<./figures/Fig1.jpg>

Overfull \hbox (31.1719pt too wide) in paragraph at lines 171--172
[][] 
 []

File: ./figures/Fig2.png Graphic file (type bmp)
<./figures/Fig2.png>

Overfull \hbox (31.14497pt too wide) in paragraph at lines 177--178
[][] 
 []


LaTeX Warning: Reference `LastPage' on page 2 undefined on input line 207.


Package fancyhdr Warning: \headheight is too small (12.0pt): 
(fancyhdr)                Make it at least 14.49998pt, for example:
(fancyhdr)                \setlength{\headheight}{14.49998pt}.
(fancyhdr)                You might also make \topmargin smaller to compensate:

(fancyhdr)                \addtolength{\topmargin}{-2.49998pt}.

[2]

LaTeX Warning: Reference `LastPage' on page 3 undefined on input line 226.


Package fancyhdr Warning: \headheight is too small (12.0pt): 
(fancyhdr)                Make it at least 14.49998pt, for example:
(fancyhdr)                \setlength{\headheight}{14.49998pt}.
(fancyhdr)                You might also make \topmargin smaller to compensate:

(fancyhdr)                \addtolength{\topmargin}{-2.49998pt}.

[3]
Overfull \hbox (4.51108pt too wide) in paragraph at lines 255--255
[]|\T1/ppl/m/n/12 Unix/Linux| 
 []


Overfull \hbox (3.0321pt too wide) in paragraph at lines 250--258
 [] 
 []


LaTeX Warning: Reference `LastPage' on page 4 undefined on input line 266.


Package fancyhdr Warning: \headheight is too small (12.0pt): 
(fancyhdr)                Make it at least 14.49998pt, for example:
(fancyhdr)                \setlength{\headheight}{14.49998pt}.
(fancyhdr)                You might also make \topmargin smaller to compensate:

(fancyhdr)                \addtolength{\topmargin}{-2.49998pt}.

[4]
Underfull \hbox (badness 4441) in paragraph at lines 288--291
[]\T1/ppl/m/n/12 Yushan Jiang, Ning Yang, Qingqi Yao, et al. Real-time mois-tur
e con-
 []


Underfull \hbox (badness 6625) in paragraph at lines 288--291
\T1/ppl/m/n/12 trol in sin-ter-ing pro-cess us-ing of-fline on-line NARX neu-ra
l net-works,
 []


LaTeX Warning: Reference `LastPage' on page 5 undefined on input line 310.


Package fancyhdr Warning: \headheight is too small (12.0pt): 
(fancyhdr)                Make it at least 14.49998pt, for example:
(fancyhdr)                \setlength{\headheight}{14.49998pt}.
(fancyhdr)                You might also make \topmargin smaller to compensate:

(fancyhdr)                \addtolength{\topmargin}{-2.49998pt}.

[5]
Package hyperref Info: bookmark level for unknown lstlisting defaults to 0 on i
nput line 310.
LaTeX Font Info:    Trying to load font information for T1+pcr on input line 31
0.
 (D:\MikTex\tex/latex/psnfss\t1pcr.fd
File: t1pcr.fd 2001/06/04 font definitions for T1/pcr.
) (code/mcmthesis-matlab1.m)
(code/mcmthesis-sudoku.cpp
LaTeX Font Info:    Trying to load font information for TS1+pcr on input line 2
5.
 (D:\MikTex\tex/latex/psnfss\ts1pcr.fd
File: ts1pcr.fd 2001/06/04 font definitions for TS1/pcr.
))

LaTeX Warning: Reference `LastPage' on page 6 undefined on input line 314.


Package fancyhdr Warning: \headheight is too small (12.0pt): 
(fancyhdr)                Make it at least 14.49998pt, for example:
(fancyhdr)                \setlength{\headheight}{14.49998pt}.
(fancyhdr)                You might also make \topmargin smaller to compensate:

(fancyhdr)                \addtolength{\topmargin}{-2.49998pt}.

[6] (D:\MikTex\tex/latex/listings\lstlang1.sty
File: lstlang1.sty 2023/02/27 1.9 listings language file
) (code/mnist_svm.py
Overfull \hbox (9.0368pt too wide) in paragraph at lines 22--23
[][][][][][][][][][][][][][][][][][][][][][][][][][][][][][][][][][][][][][][][
][][][][][] 
 []

) (D:\MikTex\tex/latex/listings\lstlang1.sty
File: lstlang1.sty 2023/02/27 1.9 listings language file
)
(D:\MikTex\tex/latex/listings\lstlang2.sty
File: lstlang2.sty 2023/02/27 1.9 listings language file
)
(D:\MikTex\tex/latex/listings\lstlang3.sty
File: lstlang3.sty 2023/02/27 1.9 listings language file
) (code/Chapter1.R

LaTeX Warning: Reference `LastPage' on page 7 undefined on input line 36.


Package fancyhdr Warning: \headheight is too small (12.0pt): 
(fancyhdr)                Make it at least 14.49998pt, for example:
(fancyhdr)                \setlength{\headheight}{14.49998pt}.
(fancyhdr)                You might also make \topmargin smaller to compensate:

(fancyhdr)                \addtolength{\topmargin}{-2.49998pt}.

[7])

LaTeX Warning: Reference `LastPage' on page 8 undefined on input line 325.


Package fancyhdr Warning: \headheight is too small (12.0pt): 
(fancyhdr)                Make it at least 14.49998pt, for example:
(fancyhdr)                \setlength{\headheight}{14.49998pt}.
(fancyhdr)                You might also make \topmargin smaller to compensate:

(fancyhdr)                \addtolength{\topmargin}{-2.49998pt}.

[8]
Underfull \hbox (badness 10000) in paragraph at lines 327--330

 []


Underfull \hbox (badness 10000) in paragraph at lines 331--336

 []


Underfull \hbox (badness 10000) in paragraph at lines 337--340

 []


Underfull \hbox (badness 10000) in paragraph at lines 341--344

 []


Underful